

[04:07:00] Starting daily checks services...
[04:07:00] Timezone: Asia/Shanghai
[04:07:00] Cycle time: 12:00
[04:07:00] Performing daily checks...
[04:07:46] Plugin disabled


[04:10:37] Starting daily checks services...
[04:10:37] Timezone: Asia/Shanghai
[04:10:37] Cycle time: 12:00
[04:10:37] Triggered reminder. Next: 16:49:23
[04:12:23] Plugin disabled


[04:13:12] Starting daily checks services...
[04:13:12] Timezone: Asia/Shanghai
[04:13:12] Cycle time: 12:00
[04:13:12] Triggered reminder. Next: 16:46:47
[04:13:35] Plugin disabled


[04:16:42] Starting daily checks services...
[04:16:42] Timezone: Asia/Shanghai
[04:16:42] Cycle time: 12:00
[04:16:42] Triggered reminder. Next: 16:43:17
[04:17:53] Plugin disabled


[04:18:47] Starting daily checks services...
[04:18:47] Timezone: Asia/Shanghai
[04:18:47] Cycle time: 12:00
[04:18:47] Triggered reminder. Next: 16:41:12
[04:18:59] Plugin disabled


[04:24:44] Starting daily checks services...
[04:24:44] Timezone: Asia/Shanghai
[04:24:44] Cycle time: 12:00
[04:24:44] Triggered reminder. Next: 16:35:15
[04:44:25] Plugin disabled


[05:49:32] Starting daily checks services...
[05:49:32] Timezone: Asia/Shanghai
[05:49:32] Cycle time: 12:00
[05:49:32] Triggered reminder. Next: 15:10:27
[05:50:16] Plugin disabled
