

[09:48:29] Starting daily checks services...
[09:48:29] Timezone: Asia/Shanghai
[09:48:29] Cycle time: 12:00
[09:48:29] Triggered reminder. Next: 01:11:30
[09:55:15] Plugin disabled


[09:55:53] Starting daily checks services...
[09:55:53] Timezone: Asia/Shanghai
[09:55:53] Cycle time: 12:00
[09:55:53] Triggered reminder. Next: 01:04:06
[09:56:47] Plugin disabled


[10:01:32] Starting daily checks services...
[10:01:32] Timezone: Asia/Shanghai
[10:01:32] Cycle time: 12:00
[10:01:32] Triggered reminder. Next: 00:58:28
[10:08:45] Plugin disabled


[10:09:09] Starting daily checks services...
[10:09:09] Timezone: Asia/Shanghai
[10:09:09] Cycle time: 12:00
[10:09:09] Triggered reminder. Next: 00:50:51
[10:16:17] Plugin disabled


[10:19:35] Starting daily checks services...
[10:19:35] Timezone: Asia/Shanghai
[10:19:35] Cycle time: 12:00
[10:19:35] Triggered reminder. Next: 00:40:24
[10:19:59] Plugin disabled


[10:20:52] Starting daily checks services...
[10:20:52] Timezone: Asia/Shanghai
[10:20:52] Cycle time: 12:00
[10:20:52] Triggered reminder. Next: 00:39:08
[10:22:52] Plugin disabled


[10:24:28] Starting daily checks services...
[10:24:28] Timezone: Asia/Shanghai
[10:24:28] Cycle time: 12:00
[10:24:28] Triggered reminder. Next: 00:35:31
[10:25:50] Plugin disabled


[10:26:38] Starting daily checks services...
[10:26:38] Timezone: Asia/Shanghai
[10:26:38] Cycle time: 12:00
[10:26:38] Triggered reminder. Next: 00:33:22
[10:36:59] Plugin disabled


[10:45:22] Starting daily checks services...
[10:45:22] Timezone: Asia/Shanghai
[10:45:22] Cycle time: 12:00
[10:45:22] Triggered reminder. Next: 00:14:38
[10:49:54] Plugin disabled


[10:50:52] Starting daily checks services...
[10:50:52] Timezone: Asia/Shanghai
[10:50:52] Cycle time: 12:00
[10:50:52] Triggered reminder. Next: 00:09:08
[10:52:17] Plugin disabled


[11:16:05] Starting daily checks services...
[11:16:05] Timezone: Asia/Shanghai
[11:16:05] Cycle time: 12:00
[11:16:05] Triggered reminder. Next: 00:13:55
[11:29:59] Triggered reminder. Next: 00:00:00
[11:30:00] Triggered reminder. Next: 00:20:00
[11:45:50] Plugin disabled


[11:48:13] Starting daily checks services...
[11:48:13] Timezone: Asia/Shanghai
[11:48:13] Cycle time: 12:00
[11:48:13] Triggered reminder. Next: 00:01:47
[11:49:59] Triggered reminder. Next: 00:00:00
[11:50:00] Triggered reminder. Next: 00:09:00
[11:50:04] Plugin disabled


[11:52:13] Starting daily checks services...
[11:52:13] Timezone: Asia/Shanghai
[11:52:13] Cycle time: 12:00
[11:52:13] Triggered reminder. Next: 00:06:46
[11:53:22] Plugin disabled


[11:54:55] Starting daily checks services...
[11:54:55] Timezone: Asia/Shanghai
[11:54:55] Cycle time: 12:00
[11:54:55] Triggered reminder. Next: 00:04:04
[11:59:47] Triggered reminder. Next: 00:00:07
[12:00:40] Plugin disabled


[02:35:50] Starting daily checks services...
[02:35:50] Timezone: Asia/Shanghai
[02:35:50] Cycle time: 12:00
[02:35:50] Triggered reminder. Next: 18:24:10
[02:40:26] Plugin disabled


[02:41:01] Starting daily checks services...
[02:41:01] Timezone: Asia/Shanghai
[02:41:01] Cycle time: 12:00
[02:41:01] Triggered reminder. Next: 18:18:59
[02:49:01] Plugin disabled


[02:51:46] Starting daily checks services...
[02:51:46] Timezone: Asia/Shanghai
[02:51:46] Cycle time: 12:00
[02:51:46] Triggered reminder. Next: 18:08:13
[03:03:25] Plugin disabled


[03:06:24] Starting daily checks services...
[03:06:24] Timezone: Asia/Shanghai
[03:06:24] Cycle time: 12:00
[03:06:24] Triggered reminder. Next: 17:53:36
[03:08:00] Plugin disabled


[03:08:52] Starting daily checks services...
[03:08:52] Timezone: Asia/Shanghai
[03:08:52] Cycle time: 12:00
[03:08:52] Triggered reminder. Next: 17:51:08
[03:10:19] Plugin disabled


[03:11:07] Starting daily checks services...
[03:11:07] Timezone: Asia/Shanghai
[03:11:07] Cycle time: 12:00
[03:11:07] Triggered reminder. Next: 17:48:52
[03:17:10] Plugin disabled


[03:19:54] Starting daily checks services...
[03:19:54] Timezone: Asia/Shanghai
[03:19:54] Cycle time: 12:00
[03:19:54] Triggered reminder. Next: 17:40:05
[03:22:32] Plugin disabled


[03:23:25] Starting daily checks services...
[03:23:25] Timezone: Asia/Shanghai
[03:23:25] Cycle time: 12:00
[03:23:25] Triggered reminder. Next: 17:36:35
[03:40:36] Plugin disabled


[03:41:36] Starting daily checks services...
[03:41:36] Timezone: Asia/Shanghai
[03:41:36] Cycle time: 12:00
[03:41:36] Triggered reminder. Next: 17:18:24
[03:49:22] Plugin disabled


[03:50:35] Starting daily checks services...
[03:50:35] Timezone: Asia/Shanghai
[03:50:35] Cycle time: 12:00
[03:50:35] Triggered reminder. Next: 17:09:24
[04:27:30] Plugin disabled


[04:28:27] Starting daily checks services...
[04:28:27] Timezone: Asia/Shanghai
[04:28:27] Cycle time: 12:00
[04:28:27] Triggered reminder. Next: 16:31:33
[05:07:03] Plugin disabled


[05:08:20] Starting daily checks services...
[05:08:20] Timezone: Asia/Shanghai
[05:08:20] Cycle time: 12:00
[05:08:20] Triggered reminder. Next: 15:51:40
[05:09:57] Plugin disabled


[05:12:33] Starting daily checks services...
[05:12:33] Timezone: Asia/Shanghai
[05:12:33] Cycle time: 12:00
[05:12:33] Triggered reminder. Next: 15:47:27
[05:15:02] Plugin disabled


[05:15:55] Starting daily checks services...
[05:15:55] Timezone: Asia/Shanghai
[05:15:55] Cycle time: 12:00
[05:15:55] Triggered reminder. Next: 15:44:04
[05:16:52] Plugin disabled


[05:18:23] Starting daily checks services...
[05:18:23] Timezone: Asia/Shanghai
[05:18:23] Cycle time: 12:00
[05:18:23] Triggered reminder. Next: 15:41:37
[05:39:48] Plugin disabled


[09:26:53] Starting daily checks services...
[09:26:53] Timezone: Asia/Shanghai
[09:26:53] Cycle time: 12:00
[09:26:53] Triggered reminder. Next: 11:33:07
[09:27:58] Plugin disabled


[10:18:33] Starting daily checks services...
[10:18:33] Timezone: Asia/Shanghai
[10:18:33] Cycle time: 12:00
[10:18:33] Triggered reminder. Next: 10:41:27
[10:23:20] Plugin disabled
