[22:25:10] [ServerMain/INFO]: Environment: Environment[sessionHost=https://sessionserver.mojang.com, servicesHost=https://api.minecraftservices.com, name=PROD]
[22:25:12] [ServerMain/INFO]: Loaded 1174 recipes
[22:25:12] [ServerMain/INFO]: Loaded 1271 advancements
[22:25:12] [Server thread/INFO]: Starting minecraft server version 1.20.4
[22:25:12] [Server thread/INFO]: Loading properties
[22:25:12] [Server thread/INFO]: This server is running Purpur version git-Purpur-2176 (MC: 1.20.4) (Implementing API version 1.20.4-R0.1-SNAPSHOT) (Git: 6b1ee98 on HEAD)
[22:25:13] [Server thread/INFO]: Using 4 threads for Netty based IO
[22:25:13] [Server thread/INFO]: Server Ping Player Sample Count: 12
[22:25:14] [Server thread/INFO]: [ChunkTaskScheduler] Chunk system is using 1 I/O threads, 1 worker threads, and gen parallelism of 1 threads
[22:25:14] [Server thread/WARN]: [Pufferfish] SIMD operations are available for your server, but are not configured!
[22:25:14] [Server thread/WARN]: [Pufferfish] To enable additional optimizations, add "--add-modules=jdk.incubator.vector" to your startup flags, BEFORE the "-jar".
[22:25:14] [Server thread/WARN]: [Pufferfish] If you have already added this flag, then SIMD operations are not supported on your JVM or CPU.
[22:25:14] [Server thread/WARN]: [Pufferfish] Debug: Java: 21.0.3, test run: true
[22:25:14] [Server thread/INFO]: Default game type: SURVIVAL
[22:25:14] [Server thread/INFO]: Generating keypair
[22:25:14] [Server thread/INFO]: Starting Minecraft server on *:25565
[22:25:14] [Server thread/INFO]: Using default channel type
[22:25:14] [Server thread/INFO]: Paper: Using Java compression from Velocity.
[22:25:14] [Server thread/INFO]: Paper: Using Java cipher from Velocity.
[22:25:14] [Server thread/INFO]: [KingdomsX] Checking libraries...
[22:25:15] [Server thread/INFO]: [eco] Initializing eco
[22:25:15] [Server thread/INFO]: [EcoItems] Initializing EcoItems
[22:25:18] [Server thread/INFO]: [PlaceholderAPI] Loading server plugin PlaceholderAPI v2.11.6
[22:25:18] [Server thread/INFO]: [ProtocolLib] Loading server plugin ProtocolLib v5.2.0-SNAPSHOT-679
[22:25:19] [Server thread/INFO]: [KingdomsX] Loading server plugin Kingdoms v1.16.20.5
[22:25:20] [Server thread/INFO]: [eco] Loading server plugin eco v6.73.4
[22:25:20] [Server thread/INFO]: [EcoItems] Loading server plugin EcoItems v5.58.1
[22:25:20] [Server thread/INFO]: [libreforge] Initializing libreforge
[22:25:20] [Server thread/INFO]: [libreforge] Loading server plugin libreforge v4.71.1
[22:25:20] [Server thread/INFO]: [spark] Loading server plugin spark v1.10.105
[22:25:20] [Server thread/INFO]: [SwFlagWar] Loading server plugin SwFlagWar v0.0.1
[22:25:20] [Server thread/INFO]: Server permissions file permissions.yml is empty, ignoring it
[22:25:20] [Server thread/INFO]: [ProtocolLib] Enabling ProtocolLib v5.2.0-SNAPSHOT-679
[22:25:20] [Server thread/INFO]: [eco] Enabling eco v6.73.4
[22:25:20] [Server thread/INFO]: [eco] Loading eco
[22:25:20] [Server thread/INFO]: [PlaceholderAPI] Successfully registered internal expansion: eco [6.73.4]
[22:25:20] [Server thread/INFO]: [eco] Loaded integrations: Kingdoms, PlaceholderAPI
[22:25:20] [Server thread/INFO]: [eco] Scanning for conflicts...
[22:25:20] [Server thread/INFO]: [eco] No conflicts found!
[22:25:20] [Server thread/WARN]: **** SERVER IS RUNNING IN OFFLINE/INSECURE MODE!
[22:25:20] [Server thread/WARN]: The server will make no attempt to authenticate usernames. Beware.
[22:25:20] [Server thread/WARN]: While this makes the game possible to play without internet access, it also opens up the ability for hackers to connect with any username they choose.
[22:25:20] [Server thread/WARN]: To change this, set "online-mode" to "true" in the server.properties file.
[22:25:20] [Server thread/INFO]: Preparing level "world"
[22:25:21] [Server thread/INFO]: Preparing start region for dimension minecraft:overworld
[22:25:21] [Server thread/INFO]: Time elapsed: 117 ms
[22:25:21] [Server thread/INFO]: Preparing start region for dimension minecraft:the_nether
[22:25:21] [Server thread/INFO]: Time elapsed: 30 ms
[22:25:21] [Server thread/INFO]: Preparing start region for dimension minecraft:the_end
[22:25:21] [Server thread/INFO]: Time elapsed: 25 ms
[22:25:21] [Server thread/INFO]: [PlaceholderAPI] Enabling PlaceholderAPI v2.11.6
[22:25:21] [Server thread/INFO]: [PlaceholderAPI] Fetching available expansion information...
[22:25:21] [Server thread/INFO]: [KingdomsX] Enabling Kingdoms v1.16.20.5
[22:25:22] [Server thread/INFO]: [KingdomsX] Loading language: EN (version 937728e7c35c84db81db3eb85835f691b97c249b)
[22:25:22] [Server thread/INFO]: [KingdomsX] Default language: EN (English)
[22:25:22] [Server thread/INFO]: [Kingdoms] Registering Structure: extractor
[22:25:22] [Server thread/INFO]: [Kingdoms] Registering Structure: national-nexus
[22:25:22] [Server thread/INFO]: [Kingdoms] Registering Structure: nexus
[22:25:22] [Server thread/INFO]: [Kingdoms] Registering Structure: outpost
[22:25:22] [Server thread/INFO]: [Kingdoms] Registering Structure: powercell
[22:25:22] [Server thread/INFO]: [Kingdoms] Registering Structure: regulator
[22:25:22] [Server thread/INFO]: [Kingdoms] Registering Structure: siege-cannon
[22:25:22] [Server thread/INFO]: [Kingdoms] Registering Structure: warppad
[22:25:22] [Server thread/INFO]: [Kingdoms] Registering Turret: arrow
[22:25:22] [Server thread/INFO]: [Kingdoms] Registering Turret: chemical-mine
[22:25:22] [Server thread/INFO]: [Kingdoms] Registering Turret: explosive-mine
[22:25:22] [Server thread/INFO]: [Kingdoms] Registering Turret: flame
[22:25:22] [Server thread/INFO]: [Kingdoms] Registering Turret: healing
[22:25:22] [Server thread/INFO]: [Kingdoms] Registering Turret: heatbeam
[22:25:22] [Server thread/INFO]: [Kingdoms] Registering Turret: hellfire
[22:25:22] [Server thread/INFO]: [Kingdoms] Registering Turret: inferno
[22:25:22] [Server thread/INFO]: [Kingdoms] Registering Turret: psionic
[22:25:22] [Server thread/INFO]: [Kingdoms] Registering Turret: soldier
[22:25:22] [Server thread/INFO]: [Kingdoms] Registering Turret: spring
[22:25:23] [Server thread/INFO]: [Kingdoms] Citizens not found.
[22:25:23] [Server thread/INFO]: [Kingdoms] MyPet not found.
[22:25:23] [Server thread/INFO]: [Kingdoms] MCPets not found.
[22:25:23] [Server thread/INFO]: [Kingdoms] MVdWPlaceholderAPI not found.
[22:25:23] [Server thread/INFO]: [Kingdoms] PlaceholderAPI found and hooked.
[22:25:23] [Server thread/INFO]: [Kingdoms] ProjectKorra not found.
[22:25:23] [Server thread/INFO]: [Kingdoms] WorldGuard not found.
[22:25:23] [Server thread/INFO]: [Kingdoms] WorldEdit not found.
[22:25:23] [Server thread/INFO]: [Kingdoms] Vault not found.
[22:25:23] [Server thread/INFO]: [Kingdoms] AuthMe not found.
[22:25:23] [Server thread/INFO]: [Kingdoms] DiscordSRV not found.
[22:25:23] [Server thread/INFO]: [Kingdoms] LuckPerms not found.
[22:25:23] [Server thread/INFO]: [Kingdoms] MythicMobs not found.
[22:25:23] [Server thread/INFO]: [Kingdoms] Essentials not found.
[22:25:23] [Server thread/INFO]: [Kingdoms] CMI not found.
[22:25:23] [Server thread/INFO]: [Kingdoms] Slimefun not found.
[22:25:23] [Server thread/INFO]: [Kingdoms] dynmap not found.
[22:25:23] [Server thread/INFO]: [Kingdoms] BlueMap not found.
[22:25:23] [Server thread/INFO]: [Kingdoms] squaremap not found.
[22:25:23] [Server thread/INFO]: [Kingdoms] Pl3xMap not found.
[22:25:23] [pool-18-thread-1/INFO]: [Kingdoms] Taking a backup...
[22:25:23] [pool-18-thread-1/INFO]: [Kingdoms] You already have a backup for today!
[22:25:23] [Server thread/INFO]: [KingdomsX] Loading libraries for h2 database...
[22:25:23] [Server thread/INFO]: [KingdomsX] Loaded all libraries.
[22:25:24] [Server thread/INFO]: [KingdomsX] Running H2 SQL Database:
[22:25:24] [Server thread/INFO]: [KingdomsX]    | Driver: H2 JDBC Driver (catalog) | 2.1.214 (2022-06-13)
[22:25:24] [Server thread/INFO]: [KingdomsX]    | Product: H2 | 2.1.214 (2022-06-13)
[22:25:24] [Server thread/INFO]: [KingdomsX]    | JDBC: 4.2
[22:25:24] [Server thread/INFO]: [PlaceholderAPI] Successfully registered internal expansion: kingdoms [10.0.0]
[22:25:24] [kingdoms-worker-0/INFO]: [Kingdoms] Checking for updates...
[22:25:24] [Server thread/INFO]: [KingdomsX] Loading all players...
[22:25:24] [Server thread/INFO]: [EcoItems] Enabling EcoItems v5.58.1
[22:25:24] [Server thread/INFO]: [EcoItems] Loading EcoItems
[22:25:24] [Server thread/INFO]: [PlaceholderAPI] Successfully registered internal expansion: ecoitems [5.58.1]
[22:25:24] [Server thread/INFO]: [spark] Enabling spark v1.10.105
[22:25:24] [Server thread/INFO]: [spark] Using Paper ServerTickStartEvent for tick monitoring
[22:25:24] [Server thread/INFO]: [spark] Starting background profiler...
[22:25:24] [Server thread/INFO]: [spark] The async-profiler engine is not supported for your os/arch (windows10/amd64), so the built-in Java engine will be used instead.
[22:25:24] [Server thread/INFO]: [PlaceholderAPI] Successfully registered internal expansion: spark [1.10.105]
[22:25:24] [Server thread/INFO]: [spark] Registered PlaceholderAPI placeholders
[22:25:24] [Server thread/INFO]: [SwFlagWar] Enabling SwFlagWar v0.0.1
[22:25:24] [Server thread/INFO]: [SwFlagWar] 开始调度占领战争
[22:25:24] [Server thread/INFO]: [SwFlagWar] 没有可用的占领战争配置，调度结束
[22:25:24] [Server thread/INFO]: [SwFlagWar] SimpleWorld FlagWar 加载成功
[22:25:24] [Server thread/INFO]: [libreforge] Enabling libreforge v4.71.1
[22:25:24] [Server thread/INFO]: [libreforge] Loading libreforge
[22:25:24] [Server thread/INFO]: [PlaceholderAPI] Successfully registered internal expansion: libreforge [4.71.1]
[22:25:25] [Server thread/INFO]: [libreforge] 
[22:25:25] [Server thread/INFO]: [libreforge] Hey, what's this plugin doing here? I didn't install it!
[22:25:25] [Server thread/INFO]: [libreforge] libreforge is the effects system for plugins like EcoEnchants,
[22:25:25] [Server thread/INFO]: [libreforge] EcoJobs, EcoItems, etc. If you're looking for config options for
[22:25:25] [Server thread/INFO]: [libreforge] things like cooldown messages, lrcdb, and stuff like that, you'll
[22:25:25] [Server thread/INFO]: [libreforge] find it under /plugins/libreforge
[22:25:25] [Server thread/INFO]: [libreforge] 
[22:25:25] [Server thread/INFO]: [libreforge] Don't worry about updating libreforge, it's handled automatically!
[22:25:25] [Server thread/INFO]: [libreforge] 
[22:25:25] [Server thread/INFO]: [PlaceholderAPI] Placeholder expansion registration initializing...
[22:25:25] [Server thread/INFO]: 0 placeholder hook(s) registered!
[22:25:25] [Server thread/INFO]: Running delayed init tasks
[22:25:25] [Server thread/WARN]: [EcoItems] Task #31 for EcoItems v5.58.1 generated an exception
java.lang.IllegalArgumentException: Recipe must have non-AIR result.
	at com.google.common.base.Preconditions.checkArgument(Preconditions.java:143) ~[guava-32.1.2-jre.jar:?]
	at org.bukkit.inventory.CraftingRecipe.<init>(CraftingRecipe.java:21) ~[purpur-api-1.20.4-R0.1-SNAPSHOT.jar:?]
	at org.bukkit.inventory.ShapedRecipe.<init>(ShapedRecipe.java:49) ~[purpur-api-1.20.4-R0.1-SNAPSHOT.jar:?]
	at com.willfp.eco.core.recipe.recipes.ShapedCraftingRecipe.register(ShapedCraftingRecipe.java:95) ~[eco-6.73.4-all.jar:?]
	at com.willfp.eco.core.recipe.Recipes.createAndRegisterRecipe(Recipes.java:135) ~[eco-6.73.4-all.jar:?]
	at com.willfp.ecoitems.items.EcoItemsRecipes.acceptConfig$lambda$0(EcoItemsRecipes.kt:29) ~[EcoItems v5.58.1[tinksp.com].jar:?]
	at org.bukkit.craftbukkit.v1_20_R3.scheduler.CraftTask.run(CraftTask.java:101) ~[purpur-1.20.4.jar:git-Purpur-2176]
	at org.bukkit.craftbukkit.v1_20_R3.scheduler.CraftScheduler.mainThreadHeartbeat(CraftScheduler.java:482) ~[purpur-1.20.4.jar:git-Purpur-2176]
	at net.minecraft.server.MinecraftServer.runServer(MinecraftServer.java:1157) ~[purpur-1.20.4.jar:git-Purpur-2176]
	at net.minecraft.server.MinecraftServer.lambda$spin$0(MinecraftServer.java:323) ~[purpur-1.20.4.jar:git-Purpur-2176]
	at java.lang.Thread.run(Thread.java:1583) ~[?:?]
[22:25:25] [Server thread/WARN]: [EcoItems] Task #32 for EcoItems v5.58.1 generated an exception
java.lang.IllegalArgumentException: Recipe must have non-AIR result.
	at com.google.common.base.Preconditions.checkArgument(Preconditions.java:143) ~[guava-32.1.2-jre.jar:?]
	at org.bukkit.inventory.CraftingRecipe.<init>(CraftingRecipe.java:21) ~[purpur-api-1.20.4-R0.1-SNAPSHOT.jar:?]
	at org.bukkit.inventory.ShapedRecipe.<init>(ShapedRecipe.java:49) ~[purpur-api-1.20.4-R0.1-SNAPSHOT.jar:?]
	at com.willfp.eco.core.recipe.recipes.ShapedCraftingRecipe.register(ShapedCraftingRecipe.java:95) ~[eco-6.73.4-all.jar:?]
	at com.willfp.eco.core.recipe.Recipes.createAndRegisterRecipe(Recipes.java:135) ~[eco-6.73.4-all.jar:?]
	at com.willfp.ecoitems.items.EcoItemsRecipes.acceptConfig$lambda$0(EcoItemsRecipes.kt:29) ~[EcoItems v5.58.1[tinksp.com].jar:?]
	at org.bukkit.craftbukkit.v1_20_R3.scheduler.CraftTask.run(CraftTask.java:101) ~[purpur-1.20.4.jar:git-Purpur-2176]
	at org.bukkit.craftbukkit.v1_20_R3.scheduler.CraftScheduler.mainThreadHeartbeat(CraftScheduler.java:482) ~[purpur-1.20.4.jar:git-Purpur-2176]
	at net.minecraft.server.MinecraftServer.runServer(MinecraftServer.java:1157) ~[purpur-1.20.4.jar:git-Purpur-2176]
	at net.minecraft.server.MinecraftServer.lambda$spin$0(MinecraftServer.java:323) ~[purpur-1.20.4.jar:git-Purpur-2176]
	at java.lang.Thread.run(Thread.java:1583) ~[?:?]
[22:25:25] [Server thread/INFO]: Done (13.011s)! For help, type "help"
[22:25:25] [Server thread/INFO]: [eco] Loaded eco
[22:25:25] [Server thread/INFO]: [EcoItems] Loaded EcoItems
[22:25:26] [Server thread/INFO]: [libreforge] Loaded libreforge
[22:25:26] [Server thread/WARN]: [EcoItems] Task #40 for EcoItems v5.58.1 generated an exception
java.lang.IllegalArgumentException: Recipe must have non-AIR result.
	at com.google.common.base.Preconditions.checkArgument(Preconditions.java:143) ~[guava-32.1.2-jre.jar:?]
	at org.bukkit.inventory.CraftingRecipe.<init>(CraftingRecipe.java:21) ~[purpur-api-1.20.4-R0.1-SNAPSHOT.jar:?]
	at org.bukkit.inventory.ShapedRecipe.<init>(ShapedRecipe.java:49) ~[purpur-api-1.20.4-R0.1-SNAPSHOT.jar:?]
	at com.willfp.eco.core.recipe.recipes.ShapedCraftingRecipe.register(ShapedCraftingRecipe.java:95) ~[eco-6.73.4-all.jar:?]
	at com.willfp.eco.core.recipe.Recipes.createAndRegisterRecipe(Recipes.java:135) ~[eco-6.73.4-all.jar:?]
	at com.willfp.ecoitems.items.EcoItemsRecipes.acceptConfig$lambda$0(EcoItemsRecipes.kt:29) ~[EcoItems v5.58.1[tinksp.com].jar:?]
	at org.bukkit.craftbukkit.v1_20_R3.scheduler.CraftTask.run(CraftTask.java:101) ~[purpur-1.20.4.jar:git-Purpur-2176]
	at org.bukkit.craftbukkit.v1_20_R3.scheduler.CraftScheduler.mainThreadHeartbeat(CraftScheduler.java:482) ~[purpur-1.20.4.jar:git-Purpur-2176]
	at net.minecraft.server.MinecraftServer.tickChildren(MinecraftServer.java:1679) ~[purpur-1.20.4.jar:git-Purpur-2176]
	at net.minecraft.server.dedicated.DedicatedServer.tickChildren(DedicatedServer.java:487) ~[purpur-1.20.4.jar:git-Purpur-2176]
	at net.minecraft.server.MinecraftServer.tickServer(MinecraftServer.java:1558) ~[purpur-1.20.4.jar:git-Purpur-2176]
	at net.minecraft.server.MinecraftServer.runServer(MinecraftServer.java:1246) ~[purpur-1.20.4.jar:git-Purpur-2176]
	at net.minecraft.server.MinecraftServer.lambda$spin$0(MinecraftServer.java:323) ~[purpur-1.20.4.jar:git-Purpur-2176]
	at java.lang.Thread.run(Thread.java:1583) ~[?:?]
[22:25:26] [Server thread/WARN]: [EcoItems] Task #41 for EcoItems v5.58.1 generated an exception
java.lang.IllegalArgumentException: Recipe must have non-AIR result.
	at com.google.common.base.Preconditions.checkArgument(Preconditions.java:143) ~[guava-32.1.2-jre.jar:?]
	at org.bukkit.inventory.CraftingRecipe.<init>(CraftingRecipe.java:21) ~[purpur-api-1.20.4-R0.1-SNAPSHOT.jar:?]
	at org.bukkit.inventory.ShapedRecipe.<init>(ShapedRecipe.java:49) ~[purpur-api-1.20.4-R0.1-SNAPSHOT.jar:?]
	at com.willfp.eco.core.recipe.recipes.ShapedCraftingRecipe.register(ShapedCraftingRecipe.java:95) ~[eco-6.73.4-all.jar:?]
	at com.willfp.eco.core.recipe.Recipes.createAndRegisterRecipe(Recipes.java:135) ~[eco-6.73.4-all.jar:?]
	at com.willfp.ecoitems.items.EcoItemsRecipes.acceptConfig$lambda$0(EcoItemsRecipes.kt:29) ~[EcoItems v5.58.1[tinksp.com].jar:?]
	at org.bukkit.craftbukkit.v1_20_R3.scheduler.CraftTask.run(CraftTask.java:101) ~[purpur-1.20.4.jar:git-Purpur-2176]
	at org.bukkit.craftbukkit.v1_20_R3.scheduler.CraftScheduler.mainThreadHeartbeat(CraftScheduler.java:482) ~[purpur-1.20.4.jar:git-Purpur-2176]
	at net.minecraft.server.MinecraftServer.tickChildren(MinecraftServer.java:1679) ~[purpur-1.20.4.jar:git-Purpur-2176]
	at net.minecraft.server.dedicated.DedicatedServer.tickChildren(DedicatedServer.java:487) ~[purpur-1.20.4.jar:git-Purpur-2176]
	at net.minecraft.server.MinecraftServer.tickServer(MinecraftServer.java:1558) ~[purpur-1.20.4.jar:git-Purpur-2176]
	at net.minecraft.server.MinecraftServer.runServer(MinecraftServer.java:1246) ~[purpur-1.20.4.jar:git-Purpur-2176]
	at net.minecraft.server.MinecraftServer.lambda$spin$0(MinecraftServer.java:323) ~[purpur-1.20.4.jar:git-Purpur-2176]
	at java.lang.Thread.run(Thread.java:1583) ~[?:?]
[22:25:26] [Craft Scheduler Thread - 1 - EcoItems/WARN]: [EcoItems] EcoItems is out of date! (Version 5.58.1)
[22:25:26] [Craft Scheduler Thread - 1 - EcoItems/WARN]: [EcoItems] The newest version is 5.58.6
[22:25:26] [Craft Scheduler Thread - 1 - EcoItems/WARN]: [EcoItems] Download the new version!
[22:25:26] [Craft Scheduler Thread - 1 - Kingdoms/INFO]: [Kingdoms] No update found - (v1.16.20.5)
[22:25:26] [Craft Scheduler Thread - 6 - Kingdoms/INFO]: [Kingdoms] Setting up nations data...
[22:25:27] [Craft Scheduler Thread - 6 - Kingdoms/INFO]: [Kingdoms] Done, loaded a total of 0 nations. Took 217ms
[22:25:27] [Craft Scheduler Thread - 6 - Kingdoms/INFO]: [Kingdoms] Setting up kingdoms data...
[22:25:27] [Craft Scheduler Thread - 6 - Kingdoms/INFO]: [Kingdoms] Done, loaded a total of 0 kingdoms. Took 1ms
[22:25:27] [Craft Scheduler Thread - 6 - Kingdoms/INFO]: [Kingdoms] Loading lands data...
[22:25:27] [Craft Scheduler Thread - 6 - Kingdoms/INFO]: [Kingdoms] Done, loaded a total of 0 lands. Took 0ms
[22:25:27] [Craft Scheduler Thread - 6 - Kingdoms/INFO]: [KingdomsX] Updating top kingdoms... 0
[22:25:27] [Craft Scheduler Thread - 3 - eco/WARN]: [eco] eco is out of date! (Version 6.73.4)
[22:25:27] [Craft Scheduler Thread - 3 - eco/WARN]: [eco] The newest version is 6.74.1
[22:25:27] [Craft Scheduler Thread - 3 - eco/WARN]: [eco] Download the new version!
[22:25:34] [kingdoms-worker-1/ERROR]: [KingdomsX] Failed to check for addon updates: Outposts -> Error while fetching meta file 'https://raw.githubusercontent.com/CryptoMorin/KingdomsX/master/addons/addon-meta.yml': raw.githubusercontent.com (Internet connection problems?)
[22:25:45] [User Authenticator #0/INFO]: UUID of player zouzou is 78f0bb5f-3025-3b20-a8cb-c7637672448e
[22:25:46] [Server thread/INFO]: zouzou[/127.0.0.1:63651] logged in with entity id 179 at ([world]36.96300021080674, 76.0, 45.8738419867642)
[22:25:47] [Craft Scheduler Thread - 1 - Kingdoms/INFO]: zouzou has joined the server.
[22:25:56] [Server thread/INFO]: zouzou issued server command: /fw add location 36.161,77.00,37.325 312
[22:26:03] [Server thread/WARN]: Can't keep up! Is the server overloaded? Running 6846ms or 136 ticks behind
[22:26:08] [Server thread/INFO]: zouzou issued server command: /fw add location 36.161,77.00,37.325 311
[22:26:27] [Server thread/INFO]: zouzou issued server command: /fw add location 36.161,77.00,37.325 311
[22:26:35] [Server thread/WARN]: Can't keep up! Is the server overloaded? Running 7562ms or 151 ticks behind
[22:26:42] [Server thread/INFO]: Stopping server
[22:26:42] [Server thread/INFO]: [libreforge] Disabling libreforge v4.71.1
[22:26:42] [Server thread/INFO]: [libreforge] Cleaning up...
[22:26:42] [Server thread/INFO]: [SwFlagWar] Disabling SwFlagWar v0.0.1
[22:26:42] [Server thread/INFO]: [spark] Disabling spark v1.10.105
[22:26:42] [Server thread/INFO]: [EcoItems] Disabling EcoItems v5.58.1
[22:26:42] [Server thread/INFO]: [EcoItems] Cleaning up...
[22:26:42] [spark-java-sampler-0-4/WARN]: org.bukkit.plugin.IllegalPluginAccessException: Plugin attempted to register task while disabled
[22:26:42] [Server thread/INFO]: [eco] Disabling eco v6.73.4
[22:26:42] [Server thread/INFO]: [eco] Saving player data...
[22:26:42] [spark-java-sampler-0-4/WARN]: 	at org.bukkit.craftbukkit.v1_20_R3.scheduler.CraftScheduler.validate(CraftScheduler.java:550)
[22:26:42] [spark-java-sampler-0-4/WARN]: 	at org.bukkit.craftbukkit.v1_20_R3.scheduler.CraftScheduler.runTaskTimer(CraftScheduler.java:226)
[22:26:42] [spark-java-sampler-0-4/WARN]: 	at org.bukkit.craftbukkit.v1_20_R3.scheduler.CraftScheduler.runTaskTimer(CraftScheduler.java:211)
[22:26:42] [spark-java-sampler-0-4/WARN]: 	at org.bukkit.craftbukkit.v1_20_R3.scheduler.CraftScheduler.runTaskLater(CraftScheduler.java:175)
[22:26:42] [spark-java-sampler-0-4/WARN]: 	at org.bukkit.craftbukkit.v1_20_R3.scheduler.CraftScheduler.runTask(CraftScheduler.java:144)
[22:26:42] [spark-java-sampler-0-4/WARN]: 	at spark.jar//me.lucko.spark.bukkit.BukkitSparkPlugin.executeSync(BukkitSparkPlugin.java:148)
[22:26:42] [spark-java-sampler-0-4/WARN]: 	at java.base/java.util.concurrent.CompletableFuture.asyncSupplyStage(CompletableFuture.java:1782)
[22:26:42] [spark-java-sampler-0-4/WARN]: 	at java.base/java.util.concurrent.CompletableFuture.supplyAsync(CompletableFuture.java:2005)
[22:26:42] [spark-java-sampler-0-4/WARN]: 	at spark.jar//me.lucko.spark.common.platform.world.AsyncWorldInfoProvider.async(AsyncWorldInfoProvider.java:55)
[22:26:42] [spark-java-sampler-0-4/WARN]: 	at spark.jar//me.lucko.spark.common.platform.world.AsyncWorldInfoProvider.pollCounts(AsyncWorldInfoProvider.java:77)
[22:26:42] [spark-java-sampler-0-4/WARN]: 	at spark.jar//me.lucko.spark.common.platform.world.AsyncWorldInfoProvider.getCounts(AsyncWorldInfoProvider.java:93)
[22:26:42] [spark-java-sampler-0-4/WARN]: 	at spark.jar//me.lucko.spark.common.sampler.window.WindowStatisticsCollector.measure(WindowStatisticsCollector.java:185)
[22:26:42] [spark-java-sampler-0-4/WARN]: 	at java.base/java.util.concurrent.ConcurrentHashMap.computeIfAbsent(ConcurrentHashMap.java:1708)
[22:26:42] [spark-java-sampler-0-4/WARN]: 	at spark.jar//me.lucko.spark.common.sampler.window.WindowStatisticsCollector.measureNow(WindowStatisticsCollector.java:123)
[22:26:42] [spark-java-sampler-0-4/WARN]: 	at spark.jar//me.lucko.spark.common.sampler.java.JavaSampler.stop(JavaSampler.java:116)
[22:26:42] [spark-java-sampler-0-4/WARN]: 	at spark.jar//me.lucko.spark.common.sampler.java.JavaSampler.run(JavaSampler.java:139)
[22:26:42] [spark-java-sampler-0-4/WARN]: 	at java.base/java.util.concurrent.Executors$RunnableAdapter.call(Executors.java:572)
[22:26:42] [spark-java-sampler-0-4/WARN]: 	at java.base/java.util.concurrent.FutureTask.runAndReset$$$capture(FutureTask.java:358)
[22:26:42] [spark-java-sampler-0-4/WARN]: 	at java.base/java.util.concurrent.FutureTask.runAndReset(FutureTask.java)
[22:26:42] [spark-java-sampler-0-4/WARN]: 	at java.base/java.util.concurrent.ScheduledThreadPoolExecutor$ScheduledFutureTask.run(ScheduledThreadPoolExecutor.java:305)
[22:26:42] [spark-java-sampler-0-4/WARN]: 	at java.base/java.util.concurrent.ThreadPoolExecutor.runWorker(ThreadPoolExecutor.java:1144)
[22:26:42] [spark-java-sampler-0-4/WARN]: 	at java.base/java.util.concurrent.ThreadPoolExecutor$Worker.run(ThreadPoolExecutor.java:642)
[22:26:42] [spark-java-sampler-0-4/WARN]: 	at java.base/java.lang.Thread.run(Thread.java:1583)
[22:26:42] [Server thread/INFO]: [eco] Saved player data! Took 20ms
[22:26:42] [Server thread/INFO]: [eco] Cleaning up...
[22:26:42] [Server thread/INFO]: [KingdomsX] Disabling Kingdoms v1.16.20.5
[22:26:42] [Server thread/INFO]: [KingdomsX] Disabling thread workers...
[22:26:42] [kingdoms-worker-0/INFO]: [KingdomsX] Config watcher service has stopped.
[22:26:42] [Server thread/INFO]: [KingdomsX] Closing the logger...
[22:26:42] [Server thread/INFO]: [KingdomsX] Unregistering plugin services...
[22:26:42] [Server thread/INFO]: [KingdomsX] Removing kingdom mobs...
[22:26:42] [Server thread/INFO]: [KingdomsX] Removing temporary entities...
[22:26:42] [Server thread/INFO]: [KingdomsX] Removing temporary items...
[22:26:42] [Server thread/INFO]: [KingdomsX] Force regenerating all exploded stuff...
[22:26:42] [Server thread/INFO]: [KingdomsX] Saving kingdoms...
[22:26:42] [Server thread/INFO]: [KingdomsX] Saving nations...
[22:26:42] [Server thread/INFO]: [KingdomsX] Saving lands...
[22:26:42] [Server thread/INFO]: [KingdomsX] Saving players...
[22:26:42] [Server thread/ERROR]: Error occurred while disabling Kingdoms v1.16.20.5
java.lang.RuntimeException: Failed to retrieve meta information for SQL: H2
	at org.kingdoms.data.database.sql.SQLDatabase.a(SQLDatabase.java:132) ~[KingdomsX-1.16.20.5.jar:?]
	at org.kingdoms.data.database.sql.SQLDatabase.save(SQLDatabase.java:378) ~[KingdomsX-1.16.20.5.jar:?]
	at org.kingdoms.data.DataManager.saveAll(DataManager.java:177) ~[KingdomsX-1.16.20.5.jar:?]
	at org.kingdoms.main.Kingdoms.saveAllData(Kingdoms.java:486) ~[KingdomsX-1.16.20.5.jar:?]
	at org.kingdoms.main.Kingdoms.signalFullSave(Kingdoms.java:494) ~[KingdomsX-1.16.20.5.jar:?]
	at org.kingdoms.main.Kingdoms.onDisable(Kingdoms.java:563) ~[KingdomsX-1.16.20.5.jar:?]
	at org.bukkit.plugin.java.JavaPlugin.setEnabled(JavaPlugin.java:290) ~[purpur-api-1.20.4-R0.1-SNAPSHOT.jar:?]
	at io.papermc.paper.plugin.manager.PaperPluginInstanceManager.disablePlugin(PaperPluginInstanceManager.java:223) ~[purpur-1.20.4.jar:git-Purpur-2176]
	at io.papermc.paper.plugin.manager.PaperPluginInstanceManager.disablePlugins(PaperPluginInstanceManager.java:147) ~[purpur-1.20.4.jar:git-Purpur-2176]
	at io.papermc.paper.plugin.manager.PaperPluginManagerImpl.disablePlugins(PaperPluginManagerImpl.java:92) ~[purpur-1.20.4.jar:git-Purpur-2176]
	at org.bukkit.plugin.SimplePluginManager.disablePlugins(SimplePluginManager.java:528) ~[purpur-api-1.20.4-R0.1-SNAPSHOT.jar:?]
	at org.bukkit.craftbukkit.v1_20_R3.CraftServer.disablePlugins(CraftServer.java:584) ~[purpur-1.20.4.jar:git-Purpur-2176]
	at net.minecraft.server.MinecraftServer.stopServer(MinecraftServer.java:986) ~[purpur-1.20.4.jar:git-Purpur-2176]
	at net.minecraft.server.dedicated.DedicatedServer.stopServer(DedicatedServer.java:862) ~[purpur-1.20.4.jar:git-Purpur-2176]
	at net.minecraft.server.MinecraftServer.runServer(MinecraftServer.java:1298) ~[purpur-1.20.4.jar:git-Purpur-2176]
	at net.minecraft.server.MinecraftServer.lambda$spin$0(MinecraftServer.java:323) ~[purpur-1.20.4.jar:git-Purpur-2176]
	at java.lang.Thread.run(Thread.java:1583) ~[?:?]
Caused by: org.h2.jdbc.JdbcSQLNonTransientConnectionException: Database is already closed (to disable automatic closing at VM shutdown, add ";DB_CLOSE_ON_EXIT=FALSE" to the db URL) [90121-214]
	at org.h2.message.DbException.getJdbcSQLException(DbException.java:678) ~[?:?]
	at org.h2.message.DbException.getJdbcSQLException(DbException.java:477) ~[?:?]
	at org.h2.message.DbException.get(DbException.java:223) ~[?:?]
	at org.h2.message.DbException.get(DbException.java:199) ~[?:?]
	at org.h2.message.DbException.get(DbException.java:188) ~[?:?]
	at org.h2.jdbc.JdbcConnection.checkClosed(JdbcConnection.java:1375) ~[?:?]
	at org.h2.jdbc.JdbcConnection.getMetaData(JdbcConnection.java:306) ~[?:?]
	at org.kingdoms.data.database.sql.NonClosableConnection.getMetaData(NonClosableConnection.kt) ~[KingdomsX-1.16.20.5.jar:?]
	at org.kingdoms.data.database.sql.SQLDatabase.a(SQLDatabase.java:125) ~[KingdomsX-1.16.20.5.jar:?]
	... 16 more
[22:26:42] [Server thread/INFO]: [ProtocolLib] Disabling ProtocolLib v5.2.0-SNAPSHOT-679
[22:26:42] [Server thread/INFO]: [PlaceholderAPI] Disabling PlaceholderAPI v2.11.6
[22:26:42] [Server thread/INFO]: Saving players
[22:26:43] [Server thread/INFO]: zouzou lost connection: Server closed
[22:26:43] [Server thread/INFO]: zouzou left the game
[22:26:43] [Server thread/INFO]: Saving worlds
[22:26:43] [Server thread/INFO]: Saving chunks for level 'ServerLevel[world]'/minecraft:overworld
[22:26:43] [Server thread/INFO]: [ChunkHolderManager] Waiting 60s for chunk system to halt for world 'world'
[22:26:43] [Server thread/INFO]: [ChunkHolderManager] Halted chunk system for world 'world'
[22:26:43] [Server thread/INFO]: [ChunkHolderManager] Saving all chunkholders for world 'world'
[22:26:44] [Server thread/INFO]: [ChunkHolderManager] Saved 695 block chunks, 695 entity chunks, 0 poi chunks in world 'world' in 1.12s
[22:26:45] [Server thread/INFO]: ThreadedAnvilChunkStorage (world): All chunks are saved
[22:26:45] [Server thread/INFO]: Saving chunks for level 'ServerLevel[world_nether]'/minecraft:the_nether
[22:26:45] [Server thread/INFO]: [ChunkHolderManager] Waiting 60s for chunk system to halt for world 'world_nether'
[22:26:45] [Server thread/INFO]: [ChunkHolderManager] Halted chunk system for world 'world_nether'
[22:26:45] [Server thread/INFO]: [ChunkHolderManager] Saving all chunkholders for world 'world_nether'
[22:26:46] [Server thread/INFO]: [ChunkHolderManager] Saved 529 block chunks, 529 entity chunks, 0 poi chunks in world 'world_nether' in 0.52s
[22:26:46] [Server thread/INFO]: ThreadedAnvilChunkStorage (DIM-1): All chunks are saved
[22:26:46] [Server thread/INFO]: Saving chunks for level 'ServerLevel[world_the_end]'/minecraft:the_end
[22:26:46] [Server thread/INFO]: [ChunkHolderManager] Waiting 60s for chunk system to halt for world 'world_the_end'
[22:26:46] [Server thread/INFO]: [ChunkHolderManager] Halted chunk system for world 'world_the_end'
[22:26:46] [Server thread/INFO]: [ChunkHolderManager] Saving all chunkholders for world 'world_the_end'
[22:26:46] [Server thread/INFO]: [ChunkHolderManager] Saved 529 block chunks, 529 entity chunks, 0 poi chunks in world 'world_the_end' in 0.16s
[22:26:47] [Server thread/INFO]: ThreadedAnvilChunkStorage (DIM1): All chunks are saved
[22:26:47] [Server thread/INFO]: ThreadedAnvilChunkStorage: All dimensions are saved
[22:26:47] [Server thread/INFO]: Flushing Chunk IO
[22:26:47] [Server thread/INFO]: Closing Thread Pool
[22:26:47] [Server thread/INFO]: Closing Server
